<?xml version="1.0" encoding="utf-8"?><testsuites><testsuite name="pytest" errors="0" failures="0" skipped="0" tests="14" time="8.314" timestamp="2026-09-09T18:21:56.991636+00:00" hostname="agent-env-ac6ee5bb-e30b-4d80-b303-523174d822e2"><testcase classname="backend.tests.test_backend" name="test_health" time="0.309" /><testcase classname="backend.tests.test_backend" name="test_garments_catalog" time="0.211" /><testcase classname="backend.tests.test_backend" name="test_static_png" time="0.188" /><testcase classname="backend.tests.test_backend" name="test_create_session" time="0.201" /><testcase classname="backend.tests.test_backend" name="test_get_session" time="0.545" /><testcase classname="backend.tests.test_backend" name="test_get_session_bad_token" time="0.166" /><testcase classname="backend.tests.test_backend" name="test_update_selected_garment_from_phone" time="0.179" /><testcase classname="backend.tests.test_backend" name="test_update_invalid_garment" time="0.210" /><testcase classname="backend.tests.test_backend" name="test_update_fit_mode" time="0.794" /><testcase classname="backend.tests.test_backend" name="test_update_view_mode" time="1.183" /><testcase classname="backend.tests.test_backend" name="test_toggle_skeleton" time="0.491" /><testcase classname="backend.tests.test_backend" name="test_clear_garment" time="0.387" /><testcase classname="backend.tests.test_backend" name="test_heartbeat" time="0.990" /><testcase classname="backend.tests.test_backend" name="test_qr_png" time="1.476" /></testsuite></testsuites>