<?xml version="1.0" encoding="utf-8"?><testsuites><testsuite name="pytest" errors="0" failures="0" skipped="0" tests="13" time="3.956" timestamp="2026-09-09T19:48:46.227119+00:00" hostname="agent-env-ac6ee5bb-e30b-4d80-b303-523174d822e2"><testcase classname="backend.tests.test_backend" name="test_health" time="0.563" /><testcase classname="backend.tests.test_backend" name="test_garments_3d_contract" time="0.099" /><testcase classname="backend.tests.test_backend" name="test_static_shirt_glb_magic_and_length" time="0.134" /><testcase classname="backend.tests.test_backend" name="test_session_defaults_on_create_and_get" time="0.278" /><testcase classname="backend.tests.test_backend" name="test_invalid_session_token_routes" time="0.528" /><testcase classname="backend.tests.test_backend" name="test_patch_not_supported_for_session_update" time="0.101" /><testcase classname="backend.tests.test_backend" name="test_post_updates_and_persistence" time="0.192" /><testcase classname="backend.tests.test_backend" name="test_cloth_enabled_toggle_persistence_true_false" time="0.385" /><testcase classname="backend.tests.test_backend" name="test_cloth_enabled_strict_bool_validation" time="0.108" /><testcase classname="backend.tests.test_backend" name="test_fit_view_validation_errors" time="0.427" /><testcase classname="backend.tests.test_backend" name="test_clear_garment_persistence" time="0.520" /><testcase classname="backend.tests.test_backend" name="test_heartbeat_updates_phone_state" time="0.152" /><testcase classname="backend.tests.test_backend" name="test_qr_png" time="0.135" /></testsuite></testsuites>